# JRE version: Java(TM) SE Runtime Environment (8.0_131-b11) (build 1.8.0_131-b11)
# Java VM: Java HotSpot(TM) 64-Bit Server VM (25.131-b11 mixed mode linux-amd64 compressed oops)
Heap:
 PSYoungGen      total 433664K, used 0K [0x00000000e0000000, 0x0000000100000000, 0x0000000100000000)
  eden space 343040K, 0% used [0x00000000e0000000,0x00000000e0000000,0x00000000f4f00000)
  from space 90624K, 0% used [0x00000000f4f00000,0x00000000f4f00000,0x00000000fa780000)
  to   space 87552K, 0% used [0x00000000faa80000,0x00000000faa80000,0x0000000100000000)
 ParOldGen       total 534016K, used 418006K [0x00000000a0000000, 0x00000000c0980000, 0x00000000e0000000)
  object space 534016K, 78% used [0x00000000a0000000,0x00000000b98359f0,0x00000000c0980000)
 Metaspace       used 71818K, capacity 74444K, committed 74624K, reserved 1114112K
  class space    used 9493K, capacity 9990K, committed 10112K, reserved 1048576K
GC Heap History (10 events):
Event: 106.127 GC heap after
Heap after GC invocations=50 (full 5):
 PSYoungGen      total 453632K, used 38571K [0x00000000e0000000, 0x0000000100000000, 0x0000000100000000)
  eden space 387072K, 0% used [0x00000000e0000000,0x00000000e0000000,0x00000000f7a00000)
  from space 66560K, 57% used [0x00000000f7a00000,0x00000000f9faae70,0x00000000fbb00000)
  to   space 68096K, 0% used [0x00000000fbd80000,0x00000000fbd80000,0x0000000100000000)
 ParOldGen       total 534016K, used 383235K [0x00000000a0000000, 0x00000000c0980000, 0x00000000e0000000)
  object space 534016K, 71% used [0x00000000a0000000,0x00000000b7640d40,0x00000000c0980000)
 Metaspace       used 71800K, capacity 74380K, committed 74624K, reserved 1114112K
  class space    used 9493K, capacity 9990K, committed 10112K, reserved 1048576K
}
Event: 107.370 GC heap before
{Heap before GC invocations=51 (full 5):
 PSYoungGen      total 453632K, used 425643K [0x00000000e0000000, 0x0000000100000000, 0x0000000100000000)
  eden space 387072K, 100% used [0x00000000e0000000,0x00000000f7a00000,0x00000000f7a00000)
  from space 66560K, 57% used [0x00000000f7a00000,0x00000000f9faae70,0x00000000fbb00000)
  to   space 68096K, 0% used [0x00000000fbd80000,0x00000000fbd80000,0x0000000100000000)
 ParOldGen       total 534016K, used 383235K [0x00000000a0000000, 0x00000000c0980000, 0x00000000e0000000)
  object space 534016K, 71% used [0x00000000a0000000,0x00000000b7640d40,0x00000000c0980000)
 Metaspace       used 71808K, capacity 74444K, committed 74624K, reserved 1114112K
  class space    used 9493K, capacity 9990K, committed 10112K, reserved 1048576K
Event: 107.435 GC heap after
Heap after GC invocations=51 (full 5):
 PSYoungGen      total 456704K, used 2519K [0x00000000e0000000, 0x0000000100000000, 0x0000000100000000)
  eden space 388608K, 0% used [0x00000000e0000000,0x00000000e0000000,0x00000000f7b80000)
  from space 68096K, 3% used [0x00000000fbd80000,0x00000000fbff5dd8,0x0000000100000000)
  to   space 67584K, 0% used [0x00000000f7b80000,0x00000000f7b80000,0x00000000fbd80000)
 ParOldGen       total 534016K, used 408403K [0x00000000a0000000, 0x00000000c0980000, 0x00000000e0000000)
  object space 534016K, 76% used [0x00000000a0000000,0x00000000b8ed4d80,0x00000000c0980000)
 Metaspace       used 71808K, capacity 74444K, committed 74624K, reserved 1114112K
  class space    used 9493K, capacity 9990K, committed 10112K, reserved 1048576K
}
Event: 108.634 GC heap before
{Heap before GC invocations=52 (full 5):
 PSYoungGen      total 456704K, used 391127K [0x00000000e0000000, 0x0000000100000000, 0x0000000100000000)
  eden space 388608K, 100% used [0x00000000e0000000,0x00000000f7b80000,0x00000000f7b80000)
  from space 68096K, 3% used [0x00000000fbd80000,0x00000000fbff5dd8,0x0000000100000000)
  to   space 67584K, 0% used [0x00000000f7b80000,0x00000000f7b80000,0x00000000fbd80000)
 ParOldGen       total 534016K, used 408417K [0x00000000a0000000, 0x00000000c0980000, 0x00000000e0000000)
  object space 534016K, 76% used [0x00000000a0000000,0x00000000b8ed8698,0x00000000c0980000)
 Metaspace       used 71813K, capacity 74444K, committed 74624K, reserved 1114112K
  class space    used 9493K, capacity 9990K, committed 10112K, reserved 1048576K
Event: 108.691 GC heap after
Heap after GC invocations=52 (full 5):
 PSYoungGen      total 456192K, used 34787K [0x00000000e0000000, 0x00000000fff80000, 0x0000000100000000)
  eden space 388608K, 0% used [0x00000000e0000000,0x00000000e0000000,0x00000000f7b80000)
  from space 67584K, 51% used [0x00000000f7b80000,0x00000000f9d78c10,0x00000000fbd80000)
  to   space 67584K, 0% used [0x00000000fbd80000,0x00000000fbd80000,0x00000000fff80000)
 ParOldGen       total 534016K, used 410420K [0x00000000a0000000, 0x00000000c0980000, 0x00000000e0000000)
  object space 534016K, 76% used [0x00000000a0000000,0x00000000b90cd288,0x00000000c0980000)
 Metaspace       used 71813K, capacity 74444K, committed 74624K, reserved 1114112K
  class space    used 9493K, capacity 9990K, committed 10112K, reserved 1048576K
}
Event: 109.611 GC heap before
{Heap before GC invocations=53 (full 5):
 PSYoungGen      total 456192K, used 423395K [0x00000000e0000000, 0x00000000fff80000, 0x0000000100000000)
  eden space 388608K, 100% used [0x00000000e0000000,0x00000000f7b80000,0x00000000f7b80000)
  from space 67584K, 51% used [0x00000000f7b80000,0x00000000f9d78c10,0x00000000fbd80000)
  to   space 67584K, 0% used [0x00000000fbd80000,0x00000000fbd80000,0x00000000fff80000)
 ParOldGen       total 534016K, used 410422K [0x00000000a0000000, 0x00000000c0980000, 0x00000000e0000000)
  object space 534016K, 76% used [0x00000000a0000000,0x00000000b90cd960,0x00000000c0980000)
 Metaspace       used 71817K, capacity 74444K, committed 74624K, reserved 1114112K
  class space    used 9493K, capacity 9990K, committed 10112K, reserved 1048576K
Event: 109.746 GC heap after
Heap after GC invocations=53 (full 5):
 PSYoungGen      total 410624K, used 67552K [0x00000000e0000000, 0x0000000100000000, 0x0000000100000000)
  eden space 343040K, 0% used [0x00000000e0000000,0x00000000e0000000,0x00000000f4f00000)
  from space 67584K, 99% used [0x00000000fbd80000,0x00000000fff78030,0x00000000fff80000)
  to   space 90624K, 0% used [0x00000000f4f00000,0x00000000f4f00000,0x00000000fa780000)
 ParOldGen       total 534016K, used 440862K [0x00000000a0000000, 0x00000000c0980000, 0x00000000e0000000)
  object space 534016K, 82% used [0x00000000a0000000,0x00000000bae87930,0x00000000c0980000)
 Metaspace       used 71817K, capacity 74444K, committed 74624K, reserved 1114112K
  class space    used 9493K, capacity 9990K, committed 10112K, reserved 1048576K
}
Event: 110.248 GC heap before
{Heap before GC invocations=54 (full 5):
 PSYoungGen      total 410624K, used 410592K [0x00000000e0000000, 0x0000000100000000, 0x0000000100000000)
  eden space 343040K, 100% used [0x00000000e0000000,0x00000000f4f00000,0x00000000f4f00000)
  from space 67584K, 99% used [0x00000000fbd80000,0x00000000fff78030,0x00000000fff80000)
  to   space 90624K, 0% used [0x00000000f4f00000,0x00000000f4f00000,0x00000000fa780000)
 ParOldGen       total 534016K, used 440862K [0x00000000a0000000, 0x00000000c0980000, 0x00000000e0000000)
  object space 534016K, 82% used [0x00000000a0000000,0x00000000bae87930,0x00000000c0980000)
 Metaspace       used 71818K, capacity 74444K, committed 74624K, reserved 1114112K
  class space    used 9493K, capacity 9990K, committed 10112K, reserved 1048576K
Event: 110.375 GC heap after
Heap after GC invocations=54 (full 5):
 PSYoungGen      total 433664K, used 15296K [0x00000000e0000000, 0x0000000100000000, 0x0000000100000000)
  eden space 343040K, 0% used [0x00000000e0000000,0x00000000e0000000,0x00000000f4f00000)
  from space 90624K, 16% used [0x00000000f4f00000,0x00000000f5df0000,0x00000000fa780000)
  to   space 87552K, 0% used [0x00000000faa80000,0x00000000faa80000,0x0000000100000000)
 ParOldGen       total 534016K, used 501366K [0x00000000a0000000, 0x00000000c0980000, 0x00000000e0000000)
  object space 534016K, 93% used [0x00000000a0000000,0x00000000be99d960,0x00000000c0980000)
 Metaspace       used 71818K, capacity 74444K, committed 74624K, reserved 1114112K
  class space    used 9493K, capacity 9990K, committed 10112K, reserved 1048576K
}
Event: 110.375 GC heap before
{Heap before GC invocations=55 (full 6):
 PSYoungGen      total 433664K, used 15296K [0x00000000e0000000, 0x0000000100000000, 0x0000000100000000)
  eden space 343040K, 0% used [0x00000000e0000000,0x00000000e0000000,0x00000000f4f00000)
  from space 90624K, 16% used [0x00000000f4f00000,0x00000000f5df0000,0x00000000fa780000)
  to   space 87552K, 0% used [0x00000000faa80000,0x00000000faa80000,0x0000000100000000)
 ParOldGen       total 534016K, used 501366K [0x00000000a0000000, 0x00000000c0980000, 0x00000000e0000000)
  object space 534016K, 93% used [0x00000000a0000000,0x00000000be99d960,0x00000000c0980000)
 Metaspace       used 71818K, capacity 74444K, committed 74624K, reserved 1114112K
  class space    used 9493K, capacity 9990K, committed 10112K, reserved 1048576K

