# JRE version: Java(TM) SE Runtime Environment (8.0_131-b11) (build 1.8.0_131-b11)
# Java VM: Java HotSpot(TM) 64-Bit Server VM (25.131-b11 mixed mode linux-amd64 compressed oops)
Heap:
 PSYoungGen      total 377344K, used 0K [0x00000000e0000000, 0x00000000ff800000, 0x0000000100000000)
  eden space 238080K, 0% used [0x00000000e0000000,0x00000000e0000000,0x00000000ee880000)
  from space 139264K, 0% used [0x00000000ee880000,0x00000000ee880000,0x00000000f7080000)
  to   space 136192K, 0% used [0x00000000f7300000,0x00000000f7300000,0x00000000ff800000)
 ParOldGen       total 775680K, used 646599K [0x00000000a0000000, 0x00000000cf580000, 0x00000000e0000000)
  object space 775680K, 83% used [0x00000000a0000000,0x00000000c7771ce8,0x00000000cf580000)
 Metaspace       used 71148K, capacity 72970K, committed 73176K, reserved 1112064K
  class space    used 9499K, capacity 9902K, committed 9944K, reserved 1048576K
GC Heap History (10 events):
Event: 43.834 GC heap after
Heap after GC invocations=20 (full 5):
 PSYoungGen      total 379392K, used 0K [0x00000000e0000000, 0x0000000100000000, 0x0000000100000000)
  eden space 234496K, 0% used [0x00000000e0000000,0x00000000e0000000,0x00000000ee500000)
  from space 144896K, 0% used [0x00000000ee500000,0x00000000ee500000,0x00000000f7280000)
  to   space 143872K, 0% used [0x00000000f7380000,0x00000000f7380000,0x0000000100000000)
 ParOldGen       total 775680K, used 442290K [0x00000000a0000000, 0x00000000cf580000, 0x00000000e0000000)
  object space 775680K, 57% used [0x00000000a0000000,0x00000000bafec950,0x00000000cf580000)
 Metaspace       used 71132K, capacity 72970K, committed 73176K, reserved 1112064K
  class space    used 9499K, capacity 9902K, committed 9944K, reserved 1048576K
}
Event: 44.320 GC heap before
{Heap before GC invocations=21 (full 5):
 PSYoungGen      total 379392K, used 234496K [0x00000000e0000000, 0x0000000100000000, 0x0000000100000000)
  eden space 234496K, 100% used [0x00000000e0000000,0x00000000ee500000,0x00000000ee500000)
  from space 144896K, 0% used [0x00000000ee500000,0x00000000ee500000,0x00000000f7280000)
  to   space 143872K, 0% used [0x00000000f7380000,0x00000000f7380000,0x0000000100000000)
 ParOldGen       total 775680K, used 442290K [0x00000000a0000000, 0x00000000cf580000, 0x00000000e0000000)
  object space 775680K, 57% used [0x00000000a0000000,0x00000000bafec950,0x00000000cf580000)
 Metaspace       used 71135K, capacity 72970K, committed 73176K, reserved 1112064K
  class space    used 9499K, capacity 9902K, committed 9944K, reserved 1048576K
Event: 44.424 GC heap after
Heap after GC invocations=21 (full 5):
 PSYoungGen      total 379392K, used 80160K [0x00000000e0000000, 0x0000000100000000, 0x0000000100000000)
  eden space 235520K, 0% used [0x00000000e0000000,0x00000000e0000000,0x00000000ee600000)
  from space 143872K, 55% used [0x00000000f7380000,0x00000000fc1c8000,0x0000000100000000)
  to   space 144384K, 0% used [0x00000000ee600000,0x00000000ee600000,0x00000000f7300000)
 ParOldGen       total 775680K, used 442290K [0x00000000a0000000, 0x00000000cf580000, 0x00000000e0000000)
  object space 775680K, 57% used [0x00000000a0000000,0x00000000bafec950,0x00000000cf580000)
 Metaspace       used 71135K, capacity 72970K, committed 73176K, reserved 1112064K
  class space    used 9499K, capacity 9902K, committed 9944K, reserved 1048576K
}
Event: 44.747 GC heap before
{Heap before GC invocations=22 (full 5):
 PSYoungGen      total 379392K, used 315680K [0x00000000e0000000, 0x0000000100000000, 0x0000000100000000)
  eden space 235520K, 100% used [0x00000000e0000000,0x00000000ee600000,0x00000000ee600000)
  from space 143872K, 55% used [0x00000000f7380000,0x00000000fc1c8000,0x0000000100000000)
  to   space 144384K, 0% used [0x00000000ee600000,0x00000000ee600000,0x00000000f7300000)
 ParOldGen       total 775680K, used 442290K [0x00000000a0000000, 0x00000000cf580000, 0x00000000e0000000)
  object space 775680K, 57% used [0x00000000a0000000,0x00000000bafec950,0x00000000cf580000)
 Metaspace       used 71140K, capacity 72970K, committed 73176K, reserved 1112064K
  class space    used 9499K, capacity 9902K, committed 9944K, reserved 1048576K
Event: 44.967 GC heap after
Heap after GC invocations=22 (full 5):
 PSYoungGen      total 310272K, used 74688K [0x00000000e0000000, 0x00000000ffa80000, 0x0000000100000000)
  eden space 235520K, 0% used [0x00000000e0000000,0x00000000e0000000,0x00000000ee600000)
  from space 74752K, 99% used [0x00000000ee600000,0x00000000f2ef0000,0x00000000f2f00000)
  to   space 141312K, 0% used [0x00000000f7080000,0x00000000f7080000,0x00000000ffa80000)
 ParOldGen       total 775680K, used 520284K [0x00000000a0000000, 0x00000000cf580000, 0x00000000e0000000)
  object space 775680K, 67% used [0x00000000a0000000,0x00000000bfc173f8,0x00000000cf580000)
 Metaspace       used 71140K, capacity 72970K, committed 73176K, reserved 1112064K
  class space    used 9499K, capacity 9902K, committed 9944K, reserved 1048576K
}
Event: 45.330 GC heap before
{Heap before GC invocations=23 (full 5):
 PSYoungGen      total 310272K, used 310208K [0x00000000e0000000, 0x00000000ffa80000, 0x0000000100000000)
  eden space 235520K, 100% used [0x00000000e0000000,0x00000000ee600000,0x00000000ee600000)
  from space 74752K, 99% used [0x00000000ee600000,0x00000000f2ef0000,0x00000000f2f00000)
  to   space 141312K, 0% used [0x00000000f7080000,0x00000000f7080000,0x00000000ffa80000)
 ParOldGen       total 775680K, used 520285K [0x00000000a0000000, 0x00000000cf580000, 0x00000000e0000000)
  object space 775680K, 67% used [0x00000000a0000000,0x00000000bfc17778,0x00000000cf580000)
 Metaspace       used 71143K, capacity 72970K, committed 73176K, reserved 1112064K
  class space    used 9499K, capacity 9902K, committed 9944K, reserved 1048576K
Event: 45.571 GC heap after
Heap after GC invocations=23 (full 5):
 PSYoungGen      total 379392K, used 75552K [0x00000000e0000000, 0x0000000100000000, 0x0000000100000000)
  eden space 238080K, 0% used [0x00000000e0000000,0x00000000e0000000,0x00000000ee880000)
  from space 141312K, 53% used [0x00000000f7080000,0x00000000fba48000,0x00000000ffa80000)
  to   space 139264K, 0% used [0x00000000ee880000,0x00000000ee880000,0x00000000f7080000)
 ParOldGen       total 775680K, used 594482K [0x00000000a0000000, 0x00000000cf580000, 0x00000000e0000000)
  object space 775680K, 76% used [0x00000000a0000000,0x00000000c448cad0,0x00000000cf580000)
 Metaspace       used 71143K, capacity 72970K, committed 73176K, reserved 1112064K
  class space    used 9499K, capacity 9902K, committed 9944K, reserved 1048576K
}
Event: 46.048 GC heap before
{Heap before GC invocations=24 (full 5):
 PSYoungGen      total 379392K, used 313632K [0x00000000e0000000, 0x0000000100000000, 0x0000000100000000)
  eden space 238080K, 100% used [0x00000000e0000000,0x00000000ee880000,0x00000000ee880000)
  from space 141312K, 53% used [0x00000000f7080000,0x00000000fba48000,0x00000000ffa80000)
  to   space 139264K, 0% used [0x00000000ee880000,0x00000000ee880000,0x00000000f7080000)
 ParOldGen       total 775680K, used 594484K [0x00000000a0000000, 0x00000000cf580000, 0x00000000e0000000)
  object space 775680K, 76% used [0x00000000a0000000,0x00000000c448d1b8,0x00000000cf580000)
 Metaspace       used 71148K, capacity 72970K, committed 73176K, reserved 1112064K
  class space    used 9499K, capacity 9902K, committed 9944K, reserved 1048576K
Event: 46.265 GC heap after
Heap after GC invocations=24 (full 5):
 PSYoungGen      total 377344K, used 75488K [0x00000000e0000000, 0x00000000ff800000, 0x0000000100000000)
  eden space 238080K, 0% used [0x00000000e0000000,0x00000000e0000000,0x00000000ee880000)
  from space 139264K, 54% used [0x00000000ee880000,0x00000000f3238000,0x00000000f7080000)
  to   space 136192K, 0% used [0x00000000f7300000,0x00000000f7300000,0x00000000ff800000)
 ParOldGen       total 775680K, used 669316K [0x00000000a0000000, 0x00000000cf580000, 0x00000000e0000000)
  object space 775680K, 86% used [0x00000000a0000000,0x00000000c8da11c8,0x00000000cf580000)
 Metaspace       used 71148K, capacity 72970K, committed 73176K, reserved 1112064K
  class space    used 9499K, capacity 9902K, committed 9944K, reserved 1048576K
}
Event: 46.269 GC heap before
{Heap before GC invocations=25 (full 6):
 PSYoungGen      total 377344K, used 75488K [0x00000000e0000000, 0x00000000ff800000, 0x0000000100000000)
  eden space 238080K, 0% used [0x00000000e0000000,0x00000000e0000000,0x00000000ee880000)
  from space 139264K, 54% used [0x00000000ee880000,0x00000000f3238000,0x00000000f7080000)
  to   space 136192K, 0% used [0x00000000f7300000,0x00000000f7300000,0x00000000ff800000)
 ParOldGen       total 775680K, used 669316K [0x00000000a0000000, 0x00000000cf580000, 0x00000000e0000000)
  object space 775680K, 86% used [0x00000000a0000000,0x00000000c8da11c8,0x00000000cf580000)
 Metaspace       used 71148K, capacity 72970K, committed 73176K, reserved 1112064K
  class space    used 9499K, capacity 9902K, committed 9944K, reserved 1048576K

